    40000000     40000000            0     40000000 r tfi sub_posin_alloc
    80000000     80000000            0     40000000 r tfj sub_posin_alloc
   120000000    120000000            0     40000000 r tfk sub_posin_alloc
   160000000    160000000            0     40000000 r tfl sub_posin_alloc
   200000000    200000000            0     40000000 r ttr sub_posin_alloc
   240000000    240000000            0     40000000 r tage sub_posin_alloc
   280000000    280000000            0     40000000 r init_temp sub_posin_alloc
   320000000    320000000            0     40000000 r init_salt sub_posin_alloc
   360000000    360000000            0     40000000 r init_dens sub_posin_alloc
   380000000    360000000     20000000     20000000 i igo trajec_seq
   400000000    360000000     40000000     20000000 i i0 trajec_seq
   420000000    360000000     60000000     20000000 i j0 trajec_seq
   440000000    360000000     80000000     20000000 i k0 trajec_seq
   460000000    360000000    100000000     20000000 i l0 trajec_seq
   480000000    360000000    120000000     20000000 i i1 trajec_seq
   500000000    360000000    140000000     20000000 i i2 trajec_seq
   520000000    360000000    160000000     20000000 i j1 trajec_seq
   540000000    360000000    180000000     20000000 i j2 trajec_seq
   560000000    360000000    200000000     20000000 i k1 trajec_seq
   580000000    360000000    220000000     20000000 i k2 trajec_seq
   600000000    360000000    240000000     20000000 i iflag trajec_seq
   620000000    360000000    260000000     20000000 i iperfl trajec_seq
   640000000    360000000    280000000     20000000 i jperfl trajec_seq
   660000000    360000000    300000000     20000000 i nfin trajec_seq
   700000000    400000000    300000000     40000000 r age trajec_seq
   740000000    440000000    300000000     40000000 r agenew trajec_seq
   780000000    480000000    300000000     40000000 r truage trajec_seq
   820000000    520000000    300000000     40000000 r gi trajec_seq
   860000000    560000000    300000000     40000000 r gj trajec_seq
   900000000    600000000    300000000     40000000 r gk trajec_seq
   940000000    640000000    300000000     40000000 r gl trajec_seq
   980000000    680000000    300000000     40000000 r hi trajec_seq
  1020000000    720000000    300000000     40000000 r hj trajec_seq
  1060000000    760000000    300000000     40000000 r hk trajec_seq
  1100000000    800000000    300000000     40000000 r hl trajec_seq
  1120000000    800000000    320000000     20000000 i inext trajec_seq
  1160000000    840000000    320000000     40000000 r tnext trajec_seq
  1200000000    880000000    320000000     40000000 r tswap trajec_seq
  1240000000    920000000    320000000     40000000 r zbuoy trajec_seq
  1280000000    960000000    320000000     40000000 r u trajec_seq
  1320000000   1000000000    320000000     40000000 r v trajec_seq
  1360000000   1040000000    320000000     40000000 r w trajec_seq
  1400000000   1080000000    320000000     40000000 r du trajec_seq
  1440000000   1120000000    320000000     40000000 r dv trajec_seq
  1480000000   1160000000    320000000     40000000 r dw trajec_seq
  1520000000   1200000000    320000000     40000000 r tx trajec_seq
  1560000000   1240000000    320000000     40000000 r ty trajec_seq
  1600000000   1280000000    320000000     40000000 r tz trajec_seq
  1640000000   1320000000    320000000     40000000 r tf trajec_seq
  1680000000   1360000000    320000000     40000000 r sf trajec_seq
  1720000000   1400000000    320000000     40000000 r rf trajec_seq
  1760000000   1440000000    320000000     40000000 r tfac trajec_seq
  1800000000   1480000000    320000000     40000000 r ttt trajec_seq
  1840000000   1520000000    320000000     40000000 r init_depth trajec_seq
  1880000000   1560000000    320000000     40000000 r final_depth trajec_seq
  1920000000   1600000000    320000000     40000000 r ti trajec_seq
  1960000000   1640000000    320000000     40000000 r si trajec_seq
  2000000000   1680000000    320000000     40000000 r ri trajec_seq
  2001421248   1681421248    320000000      1421248 r xx_tt sub_input_grid_opa
  2002842496   1682842496    320000000      1421248 r dumtab3d sub_read_netcdf_var4d
  2004263744   1684263744    320000000      1421248 r xx_uu sub_input_grid_opa
  2005684992   1685684992    320000000      1421248 r yy_tt sub_input_grid_opa
  2007106240   1687106240    320000000      1421248 r yy_vv sub_input_grid_opa
  2007106840   1687106840    320000000          600 r zz_ww sub_input_grid_opa
  2007107440   1687107440    320000000          600 r dumtab2d sub_read_netcdf_var4d
  2008528688   1688528688    320000000      1421248 r e2u sub_input_grid_opa
  2009949936   1689949936    320000000      1421248 r e1v sub_input_grid_opa
  2011371184   1691371184    320000000      1421248 r e1t sub_input_grid_opa
  2012792432   1692792432    320000000      1421248 r e2t sub_input_grid_opa
  2119386032   1799386032    320000000    106593600 r e3t sub_input_grid_opa
  2225979632   1905979632    320000000    106593600 r dumtab4d sub_read_netcdf_var4d
  2332573232   2012573232    320000000    106593600 r tmask sub_input_grid_opa
  2439166832   2119166832    320000000    106593600 r uu sub_transp_alloc
  2545760432   2225760432    320000000    106593600 r vv sub_transp_alloc
  2652354032   2332354032    320000000    106593600 r ww sub_transp_alloc
  2758947632   2438947632    320000000    106593600 r tt sub_tracer_alloc
  2865541232   2545541232    320000000    106593600 r ss sub_tracer_alloc
  2972134832   2652134832    320000000    106593600 r rr sub_tracer_alloc
  3419708560   2652134832    767573728    447573728 i mtfin sub_flags_alloc
  3419708608   2652134832    767573776           48 i isn sub_stati_alloc
  3419709280   2652135504    767573776          672 r s0x sub_stats_alloc
  3419709952   2652136176    767573776          672 r s0x2 sub_stats_alloc
  3419710624   2652136848    767573776          672 r s0min sub_stats_alloc
  3419711296   2652137520    767573776          672 r s0max sub_stats_alloc
  3419711968   2652138192    767573776          672 r s1x sub_stats_alloc
  3419712640   2652138864    767573776          672 r s1x2 sub_stats_alloc
  3419713312   2652139536    767573776          672 r s1min sub_stats_alloc
  3419713984   2652140208    767573776          672 r s1max sub_stats_alloc
  3419714072   2652140296    767573776           88 r sectrans sub_stats_alloc
  3419714168   2652140392    767573776           96 r sn sub_stats_alloc
  3419714236   2652140392    767573844           68 i num posini_seq
  3419714304   2652140392    767573912           68 i it1 posini_seq
  3419714372   2652140392    767573980           68 i it2 posini_seq
  3419714440   2652140392    767574048           68 i jt1 posini_seq
  3419714508   2652140392    767574116           68 i jt2 posini_seq
  3419714576   2652140392    767574184           68 i kt1 posini_seq
  3419714644   2652140392    767574252           68 i kt2 posini_seq
  3419714712   2652140392    767574320           68 i ndir posini_seq
  3419714736   2652140392    767574344           24 i ncids sub_seq_alloc
  3419714760   2652140392    767574368           24 i varids sub_seq_alloc
  3419714784   2652140392    767574392           24 i ind_file sub_seq_alloc
  3419714808   2652140392    767574416           24 i ind_time sub_seq_alloc
  3419714832   2652140392    767574440           24 i ind_time_size sub_seq_alloc
  3419714928   2652140392    767574536           96 i sdimsorders sub_seq_alloc
  3419714952   2652140392    767574560           24 i ind_tt sub_seq_init
  3419714928   2652140392    767574536          -24 i ind_tt sub_seq_init
  3419714860   2652140392    767574468          -68 i num posini_seq
  3419714792   2652140392    767574400          -68 i it1 posini_seq
  3419714724   2652140392    767574332          -68 i it2 posini_seq
  3419714656   2652140392    767574264          -68 i jt1 posini_seq
  3419714588   2652140392    767574196          -68 i jt2 posini_seq
  3419714520   2652140392    767574128          -68 i kt1 posini_seq
  3419714452   2652140392    767574060          -68 i kt2 posini_seq
  3419714384   2652140392    767573992          -68 i ndir posini_seq
  3419714388   2652140392    767573996            4 i dims_out sub_save_netcdf_data_init_pos
  3419714384   2652140392    767573992           -4 i dims_out sub_save_netcdf_data_init_pos
  3431492640   2663918648    767573992     11778256 r uxy sub_quant_alloc
  3443270896   2675696904    767573992     11778256 r vxy sub_quant_alloc
  3444136096   2676562104    767573992       865200 r uxz sub_quant_alloc
  3445001296   2677427304    767573992       865200 r wxz sub_quant_alloc
  3445613896   2678039904    767573992       612600 r vyz sub_quant_alloc
  3446226496   2678652504    767573992       612600 r vyz sub_quant_alloc
  3458004752   2690430760    767573992     11778256 r uh sub_quant_alloc
  3469783008   2702209016    767573992     11778256 r vh sub_quant_alloc
  3481561264   2713987272    767573992     11778256 r zuh sub_quant_alloc
  3493339520   2725765528    767573992     11778256 r zvh sub_quant_alloc
  3505117776   2737543784    767573992     11778256 r z2uh sub_quant_alloc
  3516896032   2749322040    767573992     11778256 r z2vh sub_quant_alloc
  3528674288   2761100296    767573992     11778256 r ruh sub_quant_alloc
  3540452544   2772878552    767573992     11778256 r rvh sub_quant_alloc
  3552230800   2784656808    767573992     11778256 r r2uh sub_quant_alloc
  3564009056   2796435064    767573992     11778256 r r2vh sub_quant_alloc
  3575787312   2808213320    767573992     11778256 r suh sub_quant_alloc
  3587565568   2819991576    767573992     11778256 r svh sub_quant_alloc
  3599343824   2831769832    767573992     11778256 r s2uh sub_quant_alloc
  3611122080   2843548088    767573992     11778256 r s2vh sub_quant_alloc
  3622900336   2855326344    767573992     11778256 r tuh sub_quant_alloc
  3634678592   2867104600    767573992     11778256 r tvh sub_quant_alloc
  3646456848   2878882856    767573992     11778256 r t2uh sub_quant_alloc
  3658235104   2890661112    767573992     11778256 r t2vh sub_quant_alloc
  3658235128   2890661112    767574016           24 i ind_tt sub_seq_init
  3658235104   2890661112    767573992          -24 i ind_tt sub_seq_init
  3663607592   2896033600    767573992      5372488 r xlon sub_save_netcdf_init_pos
  3668980080   2901406088    767573992      5372488 r ylat sub_save_netcdf_init_pos
  3663607592   2896033600    767573992     -5372488 r xlon sub_save_netcdf_init_pos
  3658235104   2890661112    767573992     -5372488 r ylat sub_save_netcdf_init_pos
  3618235104   2850661112    767573992    -40000000 r init_temp sub_posin_dealloc_init_tracers
  3578235104   2810661112    767573992    -40000000 r init_salt sub_posin_dealloc_init_tracers
  3538235104   2770661112    767573992    -40000000 r init_dens sub_posin_dealloc_init_tracers
  3538235120   2770661112    767574008           16 i dims_out sub_save_netcdf_data_init_stats
  3538235104   2770661112    767573992          -16 i dims_out sub_save_netcdf_data_init_stats
  3543607592   2776033600    767573992      5372488 r xlon sub_save_netcdf_final_pos
  3548980080   2781406088    767573992      5372488 r ylat sub_save_netcdf_final_pos
  3543607592   2776033600    767573992     -5372488 r xlon sub_save_netcdf_final_pos
  3538235104   2770661112    767573992     -5372488 r ylat sub_save_netcdf_final_pos
  3518235104   2770661112    747573992    -20000000 i igo trajec_seq
  3498235104   2770661112    727573992    -20000000 i i0 trajec_seq
  3478235104   2770661112    707573992    -20000000 i j0 trajec_seq
  3458235104   2770661112    687573992    -20000000 i k0 trajec_seq
  3438235104   2770661112    667573992    -20000000 i l0 trajec_seq
  3418235104   2770661112    647573992    -20000000 i i1 trajec_seq
  3398235104   2770661112    627573992    -20000000 i i2 trajec_seq
  3378235104   2770661112    607573992    -20000000 i j1 trajec_seq
  3358235104   2770661112    587573992    -20000000 i j2 trajec_seq
  3338235104   2770661112    567573992    -20000000 i k1 trajec_seq
  3318235104   2770661112    547573992    -20000000 i k2 trajec_seq
  3298235104   2770661112    527573992    -20000000 i iflag trajec_seq
  3278235104   2770661112    507573992    -20000000 i iperfl trajec_seq
  3258235104   2770661112    487573992    -20000000 i jperfl trajec_seq
  3238235104   2770661112    467573992    -20000000 i nfin trajec_seq
  3198235104   2730661112    467573992    -40000000 r age trajec_seq
  3158235104   2690661112    467573992    -40000000 r agenew trajec_seq
  3118235104   2650661112    467573992    -40000000 r truage trajec_seq
  3078235104   2610661112    467573992    -40000000 r gi trajec_seq
  3038235104   2570661112    467573992    -40000000 r gj trajec_seq
  2998235104   2530661112    467573992    -40000000 r gk trajec_seq
  2958235104   2490661112    467573992    -40000000 r gl trajec_seq
  2918235104   2450661112    467573992    -40000000 r hi trajec_seq
  2878235104   2410661112    467573992    -40000000 r hj trajec_seq
  2838235104   2370661112    467573992    -40000000 r hk trajec_seq
  2798235104   2330661112    467573992    -40000000 r hl trajec_seq
  2778235104   2330661112    447573992    -20000000 i inext trajec_seq
  2738235104   2290661112    447573992    -40000000 r tnext trajec_seq
  2698235104   2250661112    447573992    -40000000 r tswap trajec_seq
  2658235104   2210661112    447573992    -40000000 r zbuoy trajec_seq
  2618235104   2170661112    447573992    -40000000 r u trajec_seq
  2578235104   2130661112    447573992    -40000000 r v trajec_seq
  2538235104   2090661112    447573992    -40000000 r w trajec_seq
  2498235104   2050661112    447573992    -40000000 r du trajec_seq
  2458235104   2010661112    447573992    -40000000 r dv trajec_seq
  2418235104   1970661112    447573992    -40000000 r dw trajec_seq
  2378235104   1930661112    447573992    -40000000 r tx trajec_seq
  2338235104   1890661112    447573992    -40000000 r ty trajec_seq
  2298235104   1850661112    447573992    -40000000 r tz trajec_seq
  2258235104   1810661112    447573992    -40000000 r tf trajec_seq
  2218235104   1770661112    447573992    -40000000 r sf trajec_seq
  2178235104   1730661112    447573992    -40000000 r rf trajec_seq
  2138235104   1690661112    447573992    -40000000 r tfac trajec_seq
  2098235104   1650661112    447573992    -40000000 r ttt trajec_seq
  2058235104   1610661112    447573992    -40000000 r init_depth trajec_seq
  2018235104   1570661112    447573992    -40000000 r final_depth trajec_seq
  1978235104   1530661112    447573992    -40000000 r ti trajec_seq
  1938235104   1490661112    447573992    -40000000 r si trajec_seq
  1898235104   1450661112    447573992    -40000000 r ri trajec_seq
  1898234504   1450660512    447573992         -600 r dumtab2d sub_netcdf_dealloc_mem
  1896813256   1449239264    447573992     -1421248 r dumtab3d sub_netcdf_dealloc_mem
  1790219656   1342645664    447573992   -106593600 r dumtab4d sub_netcdf_dealloc_mem
  1788798408   1341224416    447573992     -1421248 r xx_tt sub_coord_dealloc
  1787377160   1339803168    447573992     -1421248 r xx_uu sub_coord_dealloc
  1785955912   1338381920    447573992     -1421248 r yy_tt sub_coord_dealloc
  1784534664   1336960672    447573992     -1421248 r yy_vv sub_coord_dealloc
  1784534064   1336960072    447573992         -600 r zz_ww sub_coord_dealloc
  1783112816   1335538824    447573992     -1421248 r e1t sub_scalef_dealloc
  1781691568   1334117576    447573992     -1421248 r e2t sub_scalef_dealloc
  1780270320   1332696328    447573992     -1421248 r e2u sub_scalef_dealloc
  1778849072   1331275080    447573992     -1421248 r e1v sub_scalef_dealloc
  1672255472   1224681480    447573992   -106593600 r e3t sub_scalef_dealloc
  1565661872   1118087880    447573992   -106593600 r uu sub_transp_dealloc
  1459068272   1011494280    447573992   -106593600 r vv sub_transp_dealloc
  1352474672    904900680    447573992   -106593600 r ww sub_transp_dealloc
  1245881072    798307080    447573992   -106593600 r tt sub_tracer_dealloc
  1139287472    691713480    447573992   -106593600 r ss sub_tracer_dealloc
  1032693872    585119880    447573992   -106593600 r rr sub_tracer_dealloc
   992693872    545119880    447573992    -40000000 r tfi sub_posin_dealloc
   952693872    505119880    447573992    -40000000 r tfj sub_posin_dealloc
   912693872    465119880    447573992    -40000000 r tfk sub_posin_dealloc
   872693872    425119880    447573992    -40000000 r tfl sub_posin_dealloc
   832693872    385119880    447573992    -40000000 r ttr sub_posin_dealloc
   792693872    345119880    447573992    -40000000 r tage sub_posin_dealloc
   686100272    238526280    447573992   -106593600 r tmask sub_tmask_dealloc
   686100248    238526280    447573968          -24 i ncids sub_seq_dealloc
   686100224    238526280    447573944          -24 i varids sub_seq_dealloc
   686100200    238526280    447573920          -24 i ind_file sub_seq_dealloc
   686100176    238526280    447573896          -24 i ind_time sub_seq_dealloc
   686100152    238526280    447573872          -24 i ind_time_size sub_seq_dealloc
   686100056    238526280    447573776          -96 i sdimsorders sub_seq_dealloc
   238526328    238526280           48   -447573728 i mtfin sub_flags_alloc
   238525656    238525608           48         -672 r s0x sub_stats_dealloc
   238524984    238524936           48         -672 r s0x2 sub_stats_dealloc
   238524312    238524264           48         -672 r s0min sub_stats_dealloc
   238523640    238523592           48         -672 r s0max sub_stats_dealloc
   238522968    238522920           48         -672 r s1x sub_stats_dealloc
   238522296    238522248           48         -672 r s1x2 sub_stats_dealloc
   238521624    238521576           48         -672 r s1min sub_stats_dealloc
   238520952    238520904           48         -672 r s1max sub_stats_dealloc
   238520864    238520816           48          -88 r sectrans sub_stats_dealloc
   238520768    238520720           48          -96 r sn sub_stats_dealloc
   238520720    238520720            0          -48 i isn sub_stati_alloc
   226742464    226742464            0    -11778256 r uxy sub_quant_dealloc
   214964208    214964208            0    -11778256 r vxy sub_quant_dealloc
   214099008    214099008            0      -865200 r uxz sub_quant_dealloc
   213233808    213233808            0      -865200 r wxz sub_quant_dealloc
   212621208    212621208            0      -612600 r vyz sub_quant_dealloc
   212008608    212008608            0      -612600 r wyz sub_quant_dealloc
   200230352    200230352            0    -11778256 r uh sub_quant_dealloc
   188452096    188452096            0    -11778256 r vh sub_quant_dealloc
   176673840    176673840            0    -11778256 r zuh sub_quant_dealloc
   164895584    164895584            0    -11778256 r zvh sub_quant_dealloc
   153117328    153117328            0    -11778256 r z2uh sub_quant_dealloc
   141339072    141339072            0    -11778256 r z2vh sub_quant_dealloc
   129560816    129560816            0    -11778256 r ruh sub_quant_dealloc
   117782560    117782560            0    -11778256 r rvh sub_quant_dealloc
   106004304    106004304            0    -11778256 r r2uh sub_quant_dealloc
    94226048     94226048            0    -11778256 r r2vh sub_quant_dealloc
    82447792     82447792            0    -11778256 r suh sub_quant_dealloc
    70669536     70669536            0    -11778256 r svh sub_quant_dealloc
    58891280     58891280            0    -11778256 r s2uh sub_quant_dealloc
    47113024     47113024            0    -11778256 r s2vh sub_quant_dealloc
    35334768     35334768            0    -11778256 r tuh sub_quant_dealloc
    23556512     23556512            0    -11778256 r tvh sub_quant_dealloc
    11778256     11778256            0    -11778256 r t2uh sub_quant_dealloc
           0            0            0    -11778256 r t2vh sub_quant_dealloc
